<?xml version="1.0" encoding="UTF-8"?>
<robot generator="Robot 6.0.2 (Python 3.11.3 on win32)" generated="20230504 15:44:11.659" rpa="false" schemaversion="3">
<suite id="s1" name="userRegistration" source="C:\Users\lukit\OneDrive\Escritorio\ATM\Netflix_RobotFramework\Netflix\specs\userRegistration.robot">
<test id="s1-t1" name="Correct user registration" line="8">
<kw name="Given the Netflix page is open">
<kw name="Given I am in Netflix page" library="Netflix-facade">
<kw name="Open Browser">
<arg>${URL_Netflix}</arg>
<arg>chrome</arg>
<msg timestamp="20230504 15:44:11.715" level="FAIL">No keyword with name 'Open Browser' found.</msg>
<status status="FAIL" starttime="20230504 15:44:11.715" endtime="20230504 15:44:11.715"/>
</kw>
<kw name="Maximize Browser Window">
<status status="NOT RUN" starttime="20230504 15:44:11.716" endtime="20230504 15:44:11.716"/>
</kw>
<status status="FAIL" starttime="20230504 15:44:11.714" endtime="20230504 15:44:11.716"/>
</kw>
<kw name="And Print title of Netflix home" library="Netflix-facade">
<status status="NOT RUN" starttime="20230504 15:44:11.716" endtime="20230504 15:44:11.716"/>
</kw>
<status status="FAIL" starttime="20230504 15:44:11.713" endtime="20230504 15:44:11.716"/>
</kw>
<status status="FAIL" starttime="20230504 15:44:11.713" endtime="20230504 15:44:11.717">No keyword with name 'Open Browser' found.</status>
</test>
<status status="FAIL" starttime="20230504 15:44:11.662" endtime="20230504 15:44:11.718"/>
</suite>
<statistics>
<total>
<stat pass="0" fail="1" skip="0">All Tests</stat>
</total>
<tag>
</tag>
<suite>
<stat pass="0" fail="1" skip="0" id="s1" name="userRegistration">userRegistration</stat>
</suite>
</statistics>
<errors>
<msg timestamp="20230504 15:44:11.700" level="ERROR">Error in file 'C:\Users\lukit\OneDrive\Escritorio\ATM\Netflix_RobotFramework\Netflix\specs\userRegistration.robot' on line 2: Importing library 'Selenium2Library' failed: ModuleNotFoundError: No module named 'Selenium2Library'
Traceback (most recent call last):
  None
PYTHONPATH:
  C:\Users\lukit\AppData\Local\Programs\Python\Python311\Scripts\robot.exe
  C:\Users\lukit\AppData\Local\Programs\Python\Python311\python311.zip
  C:\Users\lukit\AppData\Local\Programs\Python\Python311\DLLs
  C:\Users\lukit\AppData\Local\Programs\Python\Python311\Lib
  C:\Users\lukit\AppData\Local\Programs\Python\Python311
  C:\Users\lukit\AppData\Local\Programs\Python\Python311\Lib\site-packages</msg>
</errors>
</robot>
